2025-04-15 09:07:33,891 - __main__ - INFO - Starting brain stroke classification with transfer learning
2025-04-15 09:07:33,891 - __main__ - INFO - Loading datasets...
2025-04-15 09:08:41,478 - __main__ - INFO - Starting brain stroke classification with transfer learning
2025-04-15 09:08:41,478 - __main__ - INFO - Loading datasets...
2025-04-15 09:10:04,474 - __main__ - INFO - Starting brain stroke classification with transfer learning
2025-04-15 09:10:04,474 - __main__ - INFO - Loading datasets...
2025-04-15 09:11:53,631 - __main__ - INFO - Starting brain stroke classification with transfer learning
2025-04-15 09:11:53,633 - __main__ - INFO - Loading datasets...
2025-04-15 09:12:48,504 - __main__ - INFO - Starting brain stroke classification with transfer learning
2025-04-15 09:12:48,506 - __main__ - INFO - Loading datasets...
2025-04-15 09:13:22,707 - __main__ - INFO - Starting brain stroke classification with transfer learning
2025-04-15 09:13:22,709 - __main__ - INFO - Loading datasets...
2025-04-15 09:28:05,904 - __main__ - INFO - Starting brain stroke classification with transfer learning
2025-04-15 09:28:05,904 - __main__ - INFO - Loading datasets...
2025-04-15 09:36:58,802 - __main__ - INFO - Starting brain stroke classification with transfer learning
2025-04-15 09:36:58,803 - __main__ - INFO - Loading datasets...
2025-04-15 09:36:58,804 - __main__ - INFO - Loading datasets...
2025-04-15 09:36:58,968 - __main__ - INFO - Classes found: {'Normal': 0, 'Stroke': 1}
2025-04-15 09:36:58,969 - __main__ - INFO - Training samples: 1843
2025-04-15 09:36:58,970 - __main__ - INFO - Validation samples: 235
2025-04-15 09:36:58,971 - __main__ - INFO - Test samples: 437
2025-04-15 09:36:58,971 - __main__ - INFO - Visualizing data distribution...
2025-04-15 09:36:59,547 - __main__ - INFO - Displaying 25 sample images...
2025-04-15 09:37:02,498 - __main__ - INFO - Visualizing data augmentations...
2025-04-15 09:37:03,657 - __main__ - INFO - Creating densenet121 model...
2025-04-15 09:37:03,827 - tensorflow - WARNING - From C:\Users\admin\AppData\Local\Programs\Python\Python310\lib\site-packages\keras\src\backend.py:1398: The name tf.executing_eagerly_outside_functions is deprecated. Please use tf.compat.v1.executing_eagerly_outside_functions instead.

2025-04-15 09:37:04,090 - tensorflow - WARNING - From C:\Users\admin\AppData\Local\Programs\Python\Python310\lib\site-packages\keras\src\layers\normalization\batch_normalization.py:979: The name tf.nn.fused_batch_norm is deprecated. Please use tf.compat.v1.nn.fused_batch_norm instead.

2025-04-15 09:37:07,863 - __main__ - INFO - Training DenseNet121 model...
2025-04-15 09:37:09,699 - tensorflow - WARNING - From C:\Users\admin\AppData\Local\Programs\Python\Python310\lib\site-packages\keras\src\utils\tf_utils.py:492: The name tf.ragged.RaggedTensorValue is deprecated. Please use tf.compat.v1.ragged.RaggedTensorValue instead.

2025-04-15 09:37:10,830 - tensorflow - WARNING - From C:\Users\admin\AppData\Local\Programs\Python\Python310\lib\site-packages\keras\src\engine\base_layer_utils.py:384: The name tf.executing_eagerly_outside_functions is deprecated. Please use tf.compat.v1.executing_eagerly_outside_functions instead.

2025-04-15 09:39:33,372 - __main__ - INFO - Starting brain stroke classification with transfer learning
2025-04-15 09:39:33,373 - __main__ - INFO - Loading datasets...
2025-04-15 09:39:33,544 - __main__ - INFO - Classes found: {'Normal': 0, 'Stroke': 1}
2025-04-15 09:39:33,545 - __main__ - INFO - Training samples: 1843
2025-04-15 09:39:33,546 - __main__ - INFO - Validation samples: 235
2025-04-15 09:39:33,547 - __main__ - INFO - Test samples: 437
2025-04-15 09:39:33,548 - __main__ - INFO - Visualizing data distribution...
2025-04-15 09:39:34,119 - __main__ - INFO - Displaying 25 sample images...
2025-04-15 09:39:37,172 - __main__ - INFO - Visualizing data augmentations...
2025-04-15 09:39:38,534 - __main__ - INFO - Creating densenet121 model...
2025-04-15 09:39:42,869 - __main__ - INFO - Training DenseNet121 model...
2025-04-15 10:21:30,965 - __main__ - INFO - Plotting training history for DenseNet121...
2025-04-15 10:21:32,035 - __main__ - INFO - Evaluating DenseNet121 model...
2025-04-15 10:21:41,877 - __main__ - INFO - DenseNet121 Test Results: {'loss': 0.4698759615421295, 'accuracy': 0.7574370503425598, 'precision_1': 0.7574370503425598, 'recall_1': 0.7574370503425598}
2025-04-15 10:21:57,122 - __main__ - INFO - Creating resnet50 model...
2025-04-15 10:21:59,606 - __main__ - INFO - Training ResNet50 model...
2025-04-15 10:56:04,972 - __main__ - INFO - Plotting training history for ResNet50...
2025-04-15 10:56:05,432 - __main__ - INFO - Evaluating ResNet50 model...
2025-04-15 10:56:16,422 - __main__ - INFO - ResNet50 Test Results: {'loss': 0.5515342950820923, 'accuracy': 0.7162471413612366, 'precision_2': 0.7162471413612366, 'recall_2': 0.7162471413612366}
2025-04-15 10:56:31,821 - __main__ - INFO - Creating xception model...
2025-04-15 10:56:34,082 - __main__ - INFO - Training Xception model...
2025-04-15 11:43:36,588 - __main__ - INFO - Plotting training history for Xception...
2025-04-15 11:43:37,016 - __main__ - INFO - Evaluating Xception model...
2025-04-15 11:43:48,435 - __main__ - INFO - Xception Test Results: {'loss': 0.5120367407798767, 'accuracy': 0.7482837438583374, 'precision_3': 0.7482837438583374, 'recall_3': 0.7482837438583374}
2025-04-15 11:44:05,433 - __main__ - INFO - Comparing model performances...
2025-04-15 12:22:26,345 - __main__ - INFO - Using device: cuda
2025-04-15 17:08:55,192 - __main__ - INFO - Starting enhanced brain stroke classification with transfer learning
2025-04-15 17:08:55,202 - __main__ - INFO - Loading datasets...
2025-04-15 17:08:55,377 - __main__ - INFO - Classes found: {'Normal': 0, 'Stroke': 1}
2025-04-15 17:08:55,377 - __main__ - INFO - Training samples: 1843
2025-04-15 17:08:55,377 - __main__ - INFO - Validation samples: 235
2025-04-15 17:08:55,377 - __main__ - INFO - Test samples: 437
2025-04-15 17:08:55,391 - __main__ - INFO - Computed class weights: {0: 0.8477460901563938, 1: 1.218915343915344}
2025-04-15 17:08:55,393 - __main__ - INFO - Visualizing data distribution...
2025-04-15 17:08:56,028 - __main__ - INFO - Displaying 25 sample images...
2025-04-15 17:08:58,978 - __main__ - INFO - Visualizing data augmentations...
2025-04-15 17:09:00,415 - __main__ - INFO - Processing DenseNet121 model...
2025-04-15 17:09:00,415 - __main__ - INFO - Creating densenet121 model...
2025-04-15 17:09:00,860 - tensorflow - WARNING - From C:\Users\admin\AppData\Local\Programs\Python\Python310\lib\site-packages\keras\src\backend.py:1398: The name tf.executing_eagerly_outside_functions is deprecated. Please use tf.compat.v1.executing_eagerly_outside_functions instead.

2025-04-15 17:09:01,043 - tensorflow - WARNING - From C:\Users\admin\AppData\Local\Programs\Python\Python310\lib\site-packages\keras\src\layers\normalization\batch_normalization.py:979: The name tf.nn.fused_batch_norm is deprecated. Please use tf.compat.v1.nn.fused_batch_norm instead.

2025-04-15 17:09:05,391 - __main__ - INFO - Training DenseNet121 model...
2025-04-15 17:09:05,391 - __main__ - INFO - Training with 57 steps per epoch
2025-04-15 17:09:05,391 - __main__ - INFO - Class weights: {0: 0.8477460901563938, 1: 1.218915343915344}
2025-04-15 17:09:05,391 - __main__ - INFO - Phase 1: Initial training with frozen base model - 50 epochs
2025-04-15 17:09:07,655 - tensorflow - WARNING - From C:\Users\admin\AppData\Local\Programs\Python\Python310\lib\site-packages\keras\src\utils\tf_utils.py:492: The name tf.ragged.RaggedTensorValue is deprecated. Please use tf.compat.v1.ragged.RaggedTensorValue instead.

2025-04-15 17:09:09,049 - tensorflow - WARNING - From C:\Users\admin\AppData\Local\Programs\Python\Python310\lib\site-packages\keras\src\engine\base_layer_utils.py:384: The name tf.executing_eagerly_outside_functions is deprecated. Please use tf.compat.v1.executing_eagerly_outside_functions instead.

2025-04-15 17:48:20,972 - __main__ - WARNING - No base model found for fine-tuning
2025-04-15 17:48:24,540 - __main__ - INFO - Model saved as pickle file: DenseNet121_model.pkl
2025-04-15 17:48:24,554 - __main__ - INFO - Plotting training history for DenseNet121...
2025-04-15 17:48:25,454 - __main__ - INFO - Evaluating DenseNet121 model...
2025-04-15 17:48:35,770 - __main__ - INFO - DenseNet121 Test Results: {'loss': 1.3764137029647827, 'accuracy': 0.7208238244056702, 'precision': 0.7208238244056702, 'recall': 0.7208238244056702, 'auc': 0.8142342567443848}
2025-04-15 17:48:51,840 - __main__ - INFO - Processing ResNet50 model...
2025-04-15 17:48:51,841 - __main__ - INFO - Creating resnet50 model...
2025-04-15 17:48:54,168 - __main__ - INFO - Training ResNet50 model...
2025-04-15 17:48:54,169 - __main__ - INFO - Training with 57 steps per epoch
2025-04-15 17:48:54,170 - __main__ - INFO - Class weights: {0: 0.8477460901563938, 1: 1.218915343915344}
2025-04-15 17:48:54,171 - __main__ - INFO - Phase 1: Initial training with frozen base model - 70 epochs
2025-04-15 18:54:00,914 - __main__ - WARNING - No base model found for fine-tuning
2025-04-15 18:54:05,476 - __main__ - INFO - Model saved as pickle file: ResNet50_model.pkl
2025-04-15 18:54:05,484 - __main__ - INFO - Plotting training history for ResNet50...
2025-04-15 18:54:06,519 - __main__ - INFO - Evaluating ResNet50 model...
2025-04-15 18:54:17,524 - __main__ - INFO - ResNet50 Test Results: {'loss': 1.3597224950790405, 'accuracy': 0.7505720853805542, 'precision': 0.7505720853805542, 'recall': 0.7505720853805542, 'auc': 0.8258277177810669}
2025-04-15 18:54:33,605 - __main__ - INFO - Processing Xception model...
2025-04-15 18:54:33,607 - __main__ - INFO - Creating xception model...
2025-04-15 18:54:35,564 - __main__ - INFO - Training Xception model...
2025-04-15 18:54:35,566 - __main__ - INFO - Training with 57 steps per epoch
2025-04-15 18:54:35,567 - __main__ - INFO - Class weights: {0: 0.8477460901563938, 1: 1.218915343915344}
2025-04-15 18:54:35,568 - __main__ - INFO - Phase 1: Initial training with frozen base model - 50 epochs
2025-04-15 19:44:34,100 - __main__ - WARNING - No base model found for fine-tuning
2025-04-15 19:44:38,084 - __main__ - INFO - Model saved as pickle file: Xception_model.pkl
2025-04-15 19:44:38,097 - __main__ - INFO - Plotting training history for Xception...
2025-04-15 19:44:38,959 - __main__ - INFO - Evaluating Xception model...
2025-04-15 19:44:50,904 - __main__ - INFO - Xception Test Results: {'loss': 2.14082407951355, 'accuracy': 0.6750572323799133, 'precision': 0.6750572323799133, 'recall': 0.6750572323799133, 'auc': 0.7573323845863342}
2025-04-15 19:45:07,709 - __main__ - INFO - Comparing model performances...
2025-04-15 19:45:08,620 - __main__ - INFO - Found classes: ['Normal', 'Stroke']
2025-04-15 19:45:08,622 - __main__ - INFO - Making prediction on sample image: Brain_Stroke_CT_SCAN_image\Test\Normal\100 (14).jpg
2025-04-15 19:45:08,622 - __main__ - INFO - Predicting on image: Brain_Stroke_CT_SCAN_image\Test\Normal\100 (14).jpg
2025-04-15 22:12:35,277 - __main__ - INFO - Verifying dataset paths...
2025-04-15 22:12:35,278 - __main__ - INFO - Found dataset at: Brain_Stroke_CT_SCAN_image
2025-04-15 22:13:11,852 - tensorflow - WARNING - From C:\Users\admin\AppData\Local\Programs\Python\Python310\lib\site-packages\keras\src\backend.py:873: The name tf.get_default_graph is deprecated. Please use tf.compat.v1.get_default_graph instead.

2025-04-15 22:13:16,134 - tensorflow - WARNING - From C:\Users\admin\AppData\Local\Programs\Python\Python310\lib\site-packages\keras\src\layers\normalization\batch_normalization.py:979: The name tf.nn.fused_batch_norm is deprecated. Please use tf.compat.v1.nn.fused_batch_norm instead.

2025-04-15 22:13:20,612 - tensorflow - WARNING - From C:\Users\admin\AppData\Local\Programs\Python\Python310\lib\site-packages\keras\src\optimizers\__init__.py:309: The name tf.train.Optimizer is deprecated. Please use tf.compat.v1.train.Optimizer instead.

2025-04-15 22:13:22,491 - tensorflow - WARNING - From C:\Users\admin\AppData\Local\Programs\Python\Python310\lib\site-packages\keras\src\utils\tf_utils.py:492: The name tf.ragged.RaggedTensorValue is deprecated. Please use tf.compat.v1.ragged.RaggedTensorValue instead.

2025-04-15 22:13:30,517 - tensorflow - WARNING - From C:\Users\admin\AppData\Local\Programs\Python\Python310\lib\site-packages\keras\src\engine\base_layer_utils.py:384: The name tf.executing_eagerly_outside_functions is deprecated. Please use tf.compat.v1.executing_eagerly_outside_functions instead.

